<?xml version="1.0" encoding="UTF-8"?>
<!-- Generated by org.testng.reporters.JUnitXMLReporter -->
<testsuite ignored="0" hostname="DESKTOP-2PD343D" failures="0" tests="5" name="Default test" time="29.118" errors="0" timestamp="2024-01-14T01:46:45 IST">
  <testcase classname="entrataTest.demoTestClass" name="verifyPageTitle" time="0.014"/>
  <testcase classname="entrataTest.demoTestClass" name="verifyPageLogo" time="0.03"/>
  <testcase classname="entrataTest.demoTestClass" name="watchDemo" time="4.667"/>
  <testcase classname="entrataTest.demoTestClass" name="watchProductResidentPayDemo" time="8.798"/>
  <testcase classname="entrataTest.demoTestClass" name="solutionsMultiFamilyWatchWhyEntrataVideo" time="4.069"/>
</testsuite> <!-- Default test -->
