<?xml version="1.0" encoding="UTF-8"?>
<!-- Generated by org.testng.reporters.JUnitXMLReporter -->
<testsuite ignored="0" hostname="DESKTOP-2PD343D" failures="0" tests="5" name="Default test" time="36.816" errors="0" timestamp="2024-01-14T14:16:12 IST">
  <testcase classname="entrataTest.demoTestClass" name="verifyPageTitle" time="0.021"/>
  <testcase classname="entrataTest.demoTestClass" name="verifyPageLogo" time="0.043"/>
  <testcase classname="entrataTest.demoTestClass" name="watchDemo" time="6.243"/>
  <testcase classname="entrataTest.demoTestClass" name="watchProductResidentPayDemo" time="10.484"/>
  <testcase classname="entrataTest.demoTestClass" name="solutionsMultiFamilyWatchWhyEntrataVideo" time="8.988"/>
</testsuite> <!-- Default test -->
