<?xml version="1.0" encoding="UTF-8"?>
<testng-results ignored="0" total="5" passed="5" failed="0" skipped="0">
  <reporter-output>
  </reporter-output>
  <suite started-at="2024-01-14T01:46:16 IST" name="Default suite" finished-at="2024-01-14T01:46:45 IST" duration-ms="29118">
    <groups>
    </groups>
    <test started-at="2024-01-14T01:46:16 IST" name="Default test" finished-at="2024-01-14T01:46:45 IST" duration-ms="29118">
      <class name="entrataTest.demoTestClass">
        <test-method is-config="true" signature="setup()[pri:0, instance:entrataTest.demoTestClass@263f04ca]" started-at="2024-01-14T01:46:16 IST" name="setup" finished-at="2024-01-14T01:46:20 IST" duration-ms="3854" status="PASS">
          <reporter-output>
          </reporter-output>
        </test-method> <!-- setup -->
        <test-method signature="verifyPageTitle()[pri:1, instance:entrataTest.demoTestClass@263f04ca]" started-at="2024-01-14T01:46:20 IST" name="verifyPageTitle" finished-at="2024-01-14T01:46:20 IST" duration-ms="14" status="PASS">
          <reporter-output>
          </reporter-output>
        </test-method> <!-- verifyPageTitle -->
        <test-method signature="verifyPageLogo()[pri:2, instance:entrataTest.demoTestClass@263f04ca]" started-at="2024-01-14T01:46:20 IST" name="verifyPageLogo" finished-at="2024-01-14T01:46:20 IST" duration-ms="30" status="PASS">
          <reporter-output>
          </reporter-output>
        </test-method> <!-- verifyPageLogo -->
        <test-method signature="watchDemo()[pri:3, instance:entrataTest.demoTestClass@263f04ca]" started-at="2024-01-14T01:46:20 IST" name="watchDemo" finished-at="2024-01-14T01:46:24 IST" duration-ms="4667" status="PASS">
          <reporter-output>
          </reporter-output>
        </test-method> <!-- watchDemo -->
        <test-method signature="watchProductResidentPayDemo()[pri:4, instance:entrataTest.demoTestClass@263f04ca]" started-at="2024-01-14T01:46:24 IST" name="watchProductResidentPayDemo" finished-at="2024-01-14T01:46:33 IST" duration-ms="8798" status="PASS">
          <reporter-output>
          </reporter-output>
        </test-method> <!-- watchProductResidentPayDemo -->
        <test-method signature="solutionsMultiFamilyWatchWhyEntrataVideo()[pri:5, instance:entrataTest.demoTestClass@263f04ca]" started-at="2024-01-14T01:46:33 IST" name="solutionsMultiFamilyWatchWhyEntrataVideo" finished-at="2024-01-14T01:46:37 IST" duration-ms="4069" status="PASS">
          <reporter-output>
          </reporter-output>
        </test-method> <!-- solutionsMultiFamilyWatchWhyEntrataVideo -->
        <test-method is-config="true" signature="tearDown()[pri:0, instance:entrataTest.demoTestClass@263f04ca]" started-at="2024-01-14T01:46:37 IST" name="tearDown" finished-at="2024-01-14T01:46:45 IST" duration-ms="7648" status="PASS">
          <reporter-output>
          </reporter-output>
        </test-method> <!-- tearDown -->
      </class> <!-- entrataTest.demoTestClass -->
    </test> <!-- Default test -->
  </suite> <!-- Default suite -->
</testng-results>
