<?xml version="1.0" encoding="UTF-8"?>
<testng-results ignored="0" total="5" passed="5" failed="0" skipped="0">
  <reporter-output>
  </reporter-output>
  <suite started-at="2024-01-14T14:15:35 IST" name="Default suite" finished-at="2024-01-14T14:16:12 IST" duration-ms="36816">
    <groups>
    </groups>
    <test started-at="2024-01-14T14:15:35 IST" name="Default test" finished-at="2024-01-14T14:16:12 IST" duration-ms="36816">
      <class name="entrataTest.demoTestClass">
        <test-method is-config="true" signature="setup()[pri:0, instance:entrataTest.demoTestClass@2ca47471]" started-at="2024-01-14T14:15:35 IST" name="setup" finished-at="2024-01-14T14:15:41 IST" duration-ms="5568" status="PASS">
          <reporter-output>
          </reporter-output>
        </test-method> <!-- setup -->
        <test-method signature="verifyPageTitle()[pri:1, instance:entrataTest.demoTestClass@2ca47471]" started-at="2024-01-14T14:15:41 IST" name="verifyPageTitle" finished-at="2024-01-14T14:15:41 IST" duration-ms="21" status="PASS">
          <reporter-output>
          </reporter-output>
        </test-method> <!-- verifyPageTitle -->
        <test-method signature="verifyPageLogo()[pri:2, instance:entrataTest.demoTestClass@2ca47471]" started-at="2024-01-14T14:15:41 IST" name="verifyPageLogo" finished-at="2024-01-14T14:15:41 IST" duration-ms="43" status="PASS">
          <reporter-output>
          </reporter-output>
        </test-method> <!-- verifyPageLogo -->
        <test-method signature="watchDemo()[pri:3, instance:entrataTest.demoTestClass@2ca47471]" started-at="2024-01-14T14:15:41 IST" name="watchDemo" finished-at="2024-01-14T14:15:47 IST" duration-ms="6243" status="PASS">
          <reporter-output>
          </reporter-output>
        </test-method> <!-- watchDemo -->
        <test-method signature="watchProductResidentPayDemo()[pri:4, instance:entrataTest.demoTestClass@2ca47471]" started-at="2024-01-14T14:15:47 IST" name="watchProductResidentPayDemo" finished-at="2024-01-14T14:15:57 IST" duration-ms="10484" status="PASS">
          <reporter-output>
          </reporter-output>
        </test-method> <!-- watchProductResidentPayDemo -->
        <test-method signature="solutionsMultiFamilyWatchWhyEntrataVideo()[pri:5, instance:entrataTest.demoTestClass@2ca47471]" started-at="2024-01-14T14:15:57 IST" name="solutionsMultiFamilyWatchWhyEntrataVideo" finished-at="2024-01-14T14:16:06 IST" duration-ms="8988" status="PASS">
          <reporter-output>
          </reporter-output>
        </test-method> <!-- solutionsMultiFamilyWatchWhyEntrataVideo -->
        <test-method is-config="true" signature="tearDown()[pri:0, instance:entrataTest.demoTestClass@2ca47471]" started-at="2024-01-14T14:16:06 IST" name="tearDown" finished-at="2024-01-14T14:16:12 IST" duration-ms="5435" status="PASS">
          <reporter-output>
          </reporter-output>
        </test-method> <!-- tearDown -->
      </class> <!-- entrataTest.demoTestClass -->
    </test> <!-- Default test -->
  </suite> <!-- Default suite -->
</testng-results>
